#
# A fatal error has been detected by the Java Runtime Environment:
#
#  Internal Error (0xc000000d), pid=20060, tid=3576
#
# JRE version: Java(TM) SE Runtime Environment (13.0.2+8) (build 13.0.2+8)
# Java VM: Java HotSpot(TM) 64-Bit Server VM (13.0.2+8, mixed mode, sharing, tiered, compressed oops, g1 gc, windows-amd64)
# Problematic frame:
# C  [ntdll.dll+0x112094]
#
# No core dump will be written. Minidumps are not enabled by default on client versions of Windows
#
# If you would like to submit a bug report, please visit:
#   http://bugreport.java.com/bugreport/crash.jsp
#

---------------  S U M M A R Y ------------

Command Line: -Dfile.encoding=UTF-8 -Djava.library.path=C:\opencv\build\java\x64 userinterface.MainJFrame

Host: Intel(R) Core(TM) i7-9750H CPU @ 2.60GHz, 12 cores, 15G,  Windows 10 , 64 bit Build 19041 (10.0.19041.928)
Time: Sat Apr 17 23:15:37 2021 Eastern Daylight Time elapsed time: 38 seconds (0d 0h 0m 38s)

---------------  T H R E A D  ---------------

Current thread (0x00000142ffc6b800):  VMThread "VM Thread" [stack: 0x00000020f8800000,0x00000020f8900000] [id=3576]

Stack: [0x00000020f8800000,0x00000020f8900000],  sp=0x00000020f88fdfe0,  free space=1015k
Native frames: (J=compiled Java code, j=interpreted, Vv=VM code, C=native code)
C  [ntdll.dll+0x112094]
C  [ntdll.dll+0xac40f]
C  [ntdll.dll+0x11d95]
C  [RTWorkQ.DLL+0x63d3]


siginfo: EXCEPTION_?? (0xc000000d)


Register to memory mapping:

RIP=0x00007ffffa4c2094 ntdll.dll
RAX=0x0 is NULL
RBX=0x0 is NULL
RCX=0x00000020f88fec30 points into unknown readable memory: d8 31 fd 9c 42 01 00 00
RDX=0x0000000000000004 is an unknown value
RSP=0x00000020f88fdfe0 points into unknown readable memory: 57 00 00 00 00 00 00 00
RBP=0x0000000000000003 is an unknown value
RSI=0x000000000000102c is an unknown value
RDI=0x0000014297b33750 points into unknown readable memory: 01 00 00 00 00 00 00 00
R8 =0x000001429f6cc1e0 points into unknown readable memory: c9 69 80 01 69 6e 33 32
R9 =0x0000000000000004 is an unknown value
R10=0x0 is NULL
R11=0x00000020f88fdad0 points into unknown readable memory: 02 00 00 00 00 00 00 00
R12=0x000000000000102c is an unknown value
R13=0x00007fffce8db430 FrameServerClient.dll
R14=0x0 is NULL
R15=0x000000000000102c is an unknown value


Registers:
RAX=0x0000000000000000, RBX=0x0000000000000000, RCX=0x00000020f88fec30, RDX=0x0000000000000004
RSP=0x00000020f88fdfe0, RBP=0x0000000000000003, RSI=0x000000000000102c, RDI=0x0000014297b33750
R8 =0x000001429f6cc1e0, R9 =0x0000000000000004, R10=0x0000000000000000, R11=0x00000020f88fdad0
R12=0x000000000000102c, R13=0x00007fffce8db430, R14=0x0000000000000000, R15=0x000000000000102c
RIP=0x00007ffffa4c2094, EFLAGS=0x0000000000000206

Top of Stack: (sp=0x00000020f88fdfe0)
0x00000020f88fdfe0:   0000000000000057 0000000000000000
0x00000020f88fdff0:   000000000000102c 0000000000000000
0x00000020f88fe000:   00000000c000000d 0000000000000000
0x00000020f88fe010:   00007ffffa4c2094 0000000000000000
0x00000020f88fe020:   0000000000000000 0000000000000000
0x00000020f88fe030:   0000000000000000 0000000000000000
0x00000020f88fe040:   0000000000000000 0000000000000000
0x00000020f88fe050:   0000000000000000 0000000000000000
0x00000020f88fe060:   0000000000000000 0000000000000000
0x00000020f88fe070:   0000000000000000 0000000000000000
0x00000020f88fe080:   0000000000000000 0000000000000000
0x00000020f88fe090:   0000000000000000 0000000000000000
0x00000020f88fe0a0:   0000ea90a2e33631 0000000000000010
0x00000020f88fe0b0:   00007fffce8dc2d8 00007ffffa45c40f
0x00000020f88fe0c0:   0000000000000001 00007ffff145874b
0x00000020f88fe0d0:   00007fffce8db430 000000000000102c 

Instructions: (pc=0x00007ffffa4c2094)
0x00007ffffa4c1f94:   cc cc cc cc cc cc cc cc 48 81 ec d8 00 00 00 48
0x00007ffffa4c1fa4:   8b 05 66 05 07 00 48 33 c4 48 89 84 24 c0 00 00
0x00007ffffa4c1fb4:   00 4d 85 c0 74 33 4d 8b 48 50 48 8d 05 2b 65 f6
0x00007ffffa4c1fc4:   ff c7 44 24 38 05 00 00 00 4c 3b c8 75 0a 49 8b
0x00007ffffa4c1fd4:   40 58 4c 8b 50 20 eb 03 45 33 d2 4d 85 d2 4d 0f
0x00007ffffa4c1fe4:   45 ca 4c 89 4c 24 60 eb 08 c7 44 24 38 04 00 00
0x00007ffffa4c1ff4:   00 48 83 64 24 28 00 48 83 64 24 58 00 48 63 c1
0x00007ffffa4c2004:   48 8d 4c 24 20 48 89 44 24 40 c7 44 24 20 0a 07
0x00007ffffa4c2014:   00 c0 48 89 54 24 48 4c 89 44 24 50 c7 44 24 24
0x00007ffffa4c2024:   01 00 00 00 e8 f3 ef f3 ff 48 8b 8c 24 c0 00 00
0x00007ffffa4c2034:   00 48 33 cc e8 03 a2 f7 ff 48 81 c4 d8 00 00 00
0x00007ffffa4c2044:   c3 cc cc cc cc cc cc cc 48 81 ec d8 00 00 00 48
0x00007ffffa4c2054:   8b 05 b6 04 07 00 48 33 c4 48 89 84 24 c0 00 00
0x00007ffffa4c2064:   00 33 d2 41 b8 94 00 00 00 48 8d 4c 24 24 e8 49
0x00007ffffa4c2074:   1d f9 ff c7 44 24 20 0d 00 00 c0 b9 57 00 00 00
0x00007ffffa4c2084:   e8 e7 e6 f3 ff 90 48 8d 4c 24 20 e8 8c ef f3 ff
0x00007ffffa4c2094:   eb 00 48 8b 8c 24 c0 00 00 00 48 33 cc e8 9a a1
0x00007ffffa4c20a4:   f7 ff 48 81 c4 d8 00 00 00 c3 cc 40 55 48 83 ec
0x00007ffffa4c20b4:   20 48 8b ea e8 0f 00 00 00 90 48 83 c4 20 5d c3
0x00007ffffa4c20c4:   cc cc cc cc cc cc cc cc 48 83 ec 28 48 8b 51 08
0x00007ffffa4c20d4:   41 b8 03 00 00 00 48 8b 09 e8 6e a7 fc ff 33 c0
0x00007ffffa4c20e4:   48 83 c4 28 c3 cc cc cc cc cc cc cc 48 8b 01 48
0x00007ffffa4c20f4:   83 c9 ff 8b 10 e9 92 b1 f8 ff cc cc cc cc cc cc
0x00007ffffa4c2104:   4c 8b dc 48 81 ec 88 00 00 00 48 8b 05 fb 03 07
0x00007ffffa4c2114:   00 48 33 c4 48 89 44 24 70 48 8b 84 24 b0 00 00
0x00007ffffa4c2124:   00 41 ba 24 1c 00 00 49 89 43 d8 8b 84 24 b8 00
0x00007ffffa4c2134:   00 00 66 45 89 53 9e 49 89 4b b8 49 89 53 c0 4d
0x00007ffffa4c2144:   89 43 c8 4d 89 4b d0 89 44 24 68 e8 fc 26 f1 ff
0x00007ffffa4c2154:   85 c0 74 19 65 48 8b 04 25 60 00 00 00 48 8b 88
0x00007ffffa4c2164:   90 00 00 00 48 81 c1 2c 02 00 00 eb 05 b9 86 03
0x00007ffffa4c2174:   fe 7f 0f b6 09 4c 8d 4c 24 20 ba 03 04 00 00 41
0x00007ffffa4c2184:   b8 2c 00 00 00 e8 32 b7 f8 ff 48 8b 4c 24 70 48 


Stack slot to memory mapping:
stack at sp + 0 slots: 0x0000000000000057 is an unknown value
stack at sp + 1 slots: 0x0 is NULL
stack at sp + 2 slots: 0x000000000000102c is an unknown value
stack at sp + 3 slots: 0x0 is NULL
stack at sp + 4 slots: 0x00000000c000000d is an unknown value
stack at sp + 5 slots: 0x0 is NULL
stack at sp + 6 slots: 0x00007ffffa4c2094 ntdll.dll
stack at sp + 7 slots: 0x0 is NULL

VM_Operation (0x00000020f96fe7a0): Exit, mode: safepoint, requested by thread 0x0000014297c85800


---------------  P R O C E S S  ---------------

Threads class SMR info:
_java_thread_list=0x000001429f3394e0, length=15, elements={
0x00000142ffc6c000, 0x00000142ffc6f800, 0x00000142ffc87000, 0x00000142ffc88000,
0x00000142ffc8a800, 0x00000142977ea800, 0x00000142ffc8e000, 0x0000014297982000,
0x0000014297990000, 0x0000014297b7f000, 0x0000014297b82000, 0x0000014297c85800,
0x00000142f0bb8800, 0x000001429f39b800, 0x000001429fc85800
}

Java Threads: ( => current thread )
  0x00000142ffc6c000 JavaThread "Reference Handler" daemon [_thread_blocked, id=13508, stack(0x00000020f8900000,0x00000020f8a00000)]
  0x00000142ffc6f800 JavaThread "Finalizer" daemon [_thread_blocked, id=8272, stack(0x00000020f8a00000,0x00000020f8b00000)]
  0x00000142ffc87000 JavaThread "Signal Dispatcher" daemon [_thread_blocked, id=23496, stack(0x00000020f8b00000,0x00000020f8c00000)]
  0x00000142ffc88000 JavaThread "Attach Listener" daemon [_thread_blocked, id=3264, stack(0x00000020f8c00000,0x00000020f8d00000)]
  0x00000142ffc8a800 JavaThread "C2 CompilerThread0" daemon [_thread_blocked, id=22220, stack(0x00000020f8d00000,0x00000020f8e00000)]
  0x00000142977ea800 JavaThread "C1 CompilerThread0" daemon [_thread_blocked, id=9396, stack(0x00000020f8e00000,0x00000020f8f00000)]
  0x00000142ffc8e000 JavaThread "Sweeper thread" daemon [_thread_blocked, id=9100, stack(0x00000020f8f00000,0x00000020f9000000)]
  0x0000014297982000 JavaThread "Service Thread" daemon [_thread_blocked, id=20584, stack(0x00000020f9000000,0x00000020f9100000)]
  0x0000014297990000 JavaThread "Common-Cleaner" daemon [_thread_blocked, id=20904, stack(0x00000020f9200000,0x00000020f9300000)]
  0x0000014297b7f000 JavaThread "Java2D Disposer" daemon [_thread_blocked, id=21140, stack(0x00000020f9300000,0x00000020f9400000)]
  0x0000014297b82000 JavaThread "AWT-Shutdown" [_thread_blocked, id=2972, stack(0x00000020f9400000,0x00000020f9500000)]
  0x0000014297c85800 JavaThread "AWT-EventQueue-0" [_thread_blocked, id=11916, stack(0x00000020f9600000,0x00000020f9700000)]
  0x00000142f0bb8800 JavaThread "DestroyJavaVM" [_thread_blocked, id=2796, stack(0x00000020f8200000,0x00000020f8300000)]
  0x000001429f39b800 JavaThread "TimerQueue" daemon [_thread_blocked, id=15752, stack(0x00000020f9f00000,0x00000020fa000000)]
  0x000001429fc85800 JavaThread "Thread-0" daemon [_thread_blocked, id=8360, stack(0x00000020fae00000,0x00000020faf00000)]

Other Threads:
=>0x00000142ffc6b800 VMThread "VM Thread" [stack: 0x00000020f8800000,0x00000020f8900000] [id=3576]
  0x00000142f0c26800 GCTaskThread "GC Thread#0" [stack: 0x00000020f8300000,0x00000020f8400000] [id=14680]
  0x000001429f28d000 GCTaskThread "GC Thread#1" [stack: 0x00000020f9a00000,0x00000020f9b00000] [id=5016]
  0x000001429f28e000 GCTaskThread "GC Thread#2" [stack: 0x00000020f9b00000,0x00000020f9c00000] [id=6308]
  0x000001429f28e800 GCTaskThread "GC Thread#3" [stack: 0x00000020f9c00000,0x00000020f9d00000] [id=4684]
  0x000001429f28f000 GCTaskThread "GC Thread#4" [stack: 0x00000020f9d00000,0x00000020f9e00000] [id=14232]
  0x000001429f292800 GCTaskThread "GC Thread#5" [stack: 0x00000020f9e00000,0x00000020f9f00000] [id=8928]
  0x00000142a09d8000 GCTaskThread "GC Thread#6" [stack: 0x00000020fb200000,0x00000020fb300000] [id=12120]
  0x00000142a0003000 GCTaskThread "GC Thread#7" [stack: 0x00000020fb300000,0x00000020fb400000] [id=10876]
  0x00000142f0c48000 ConcurrentGCThread "G1 Main Marker" [stack: 0x00000020f8400000,0x00000020f8500000] [id=16336]
  0x00000142f0c49800 ConcurrentGCThread "G1 Conc#0" [stack: 0x00000020f8500000,0x00000020f8600000] [id=24164]
  0x000001429f858000 ConcurrentGCThread "G1 Conc#1" [stack: 0x00000020fb000000,0x00000020fb100000] [id=21152]
  0x00000142a0a2e800 ConcurrentGCThread "G1 Conc#2" [stack: 0x00000020fb100000,0x00000020fb200000] [id=22208]
  0x00000142ffb66800 ConcurrentGCThread "G1 Refine#0" [stack: 0x00000020f8600000,0x00000020f8700000] [id=15344]
  0x00000142ffb67800 ConcurrentGCThread "G1 Young RemSet Sampling" [stack: 0x00000020f8700000,0x00000020f8800000] [id=2952]

Threads with active compile tasks:

VM state:at safepoint (shutting down)

VM Mutex/Monitor currently owned by a thread:  ([mutex/lock_event])
[0x00000142f0bb50b0] Threads_lock - owner thread: 0x00000142ffc6b800
[0x00000142f0bb4de0] Heap_lock - owner thread: 0x0000014297c85800

Heap address: 0x0000000701400000, size: 4076 MB, Compressed Oops mode: Zero based, Oop shift amount: 3
Narrow klass base: 0x0000000800000000, Narrow klass shift: 3
Compressed class space size: 1073741824 Address: 0x0000000800b40000

Heap:
 garbage-first heap   total 55296K, used 21420K [0x0000000701400000, 0x0000000800000000)
  region size 1024K, 2 young (2048K), 1 survivors (1024K)
 Metaspace       used 21740K, capacity 22072K, committed 22656K, reserved 1069056K
  class space    used 2652K, capacity 2800K, committed 2944K, reserved 1048576K
Heap Regions: E=young(eden), S=young(survivor), O=old, HS=humongous(starts), HC=humongous(continues), CS=collection set, F=free, A=archive, TAMS=top-at-mark-start (previous, next)
|   0|0x0000000701400000, 0x000000070140b600, 0x0000000701500000|  4%| O|  |TAMS 0x000000070140b600, 0x0000000701400000| Untracked 
|   1|0x0000000701500000, 0x0000000701600000, 0x0000000701600000|100%|HS|  |TAMS 0x0000000701600000, 0x0000000701500000| Complete 
|   2|0x0000000701600000, 0x0000000701700000, 0x0000000701700000|100%|HC|  |TAMS 0x0000000701700000, 0x0000000701600000| Complete 
|   3|0x0000000701700000, 0x0000000701800000, 0x0000000701800000|100%|HC|  |TAMS 0x0000000701800000, 0x0000000701700000| Complete 
|   4|0x0000000701800000, 0x0000000701900000, 0x0000000701900000|100%|HC|  |TAMS 0x0000000701900000, 0x0000000701800000| Complete 
|   5|0x0000000701900000, 0x0000000701a00000, 0x0000000701a00000|100%|HS|  |TAMS 0x0000000701a00000, 0x0000000701900000| Complete 
|   6|0x0000000701a00000, 0x0000000701b00000, 0x0000000701b00000|100%|HS|  |TAMS 0x0000000701a00000, 0x0000000701a00000| Complete 
|   7|0x0000000701b00000, 0x0000000701c00000, 0x0000000701c00000|100%|HS|  |TAMS 0x0000000701b00000, 0x0000000701b00000| Complete 
|   8|0x0000000701c00000, 0x0000000701d00000, 0x0000000701d00000|100%|HS|  |TAMS 0x0000000701d00000, 0x0000000701c00000| Complete 
|   9|0x0000000701d00000, 0x0000000701e00000, 0x0000000701e00000|100%|HS|  |TAMS 0x0000000701d00000, 0x0000000701d00000| Complete 
|  10|0x0000000701e00000, 0x0000000701f00000, 0x0000000701f00000|100%|HS|  |TAMS 0x0000000701e00000, 0x0000000701e00000| Complete 
|  11|0x0000000701f00000, 0x0000000702000000, 0x0000000702000000|100%|HS|  |TAMS 0x0000000702000000, 0x0000000701f00000| Complete 
|  12|0x0000000702000000, 0x0000000702100000, 0x0000000702100000|100%|HS|  |TAMS 0x0000000702000000, 0x0000000702000000| Complete 
|  13|0x0000000702100000, 0x0000000702200000, 0x0000000702200000|100%|HS|  |TAMS 0x0000000702100000, 0x0000000702100000| Complete 
|  14|0x0000000702200000, 0x0000000702200000, 0x0000000702300000|  0%| F|  |TAMS 0x0000000702200000, 0x0000000702200000| Untracked 
|  15|0x0000000702300000, 0x0000000702400000, 0x0000000702400000|100%|HS|  |TAMS 0x0000000702400000, 0x0000000702300000| Complete 
|  16|0x0000000702400000, 0x0000000702400000, 0x0000000702500000|  0%| F|  |TAMS 0x0000000702400000, 0x0000000702400000| Untracked 
|  17|0x0000000702500000, 0x000000070252b000, 0x0000000702600000| 16%| O|  |TAMS 0x0000000702529600, 0x0000000702500000| Untracked 
|  18|0x0000000702600000, 0x0000000702600000, 0x0000000702700000|  0%| F|  |TAMS 0x0000000702600000, 0x0000000702600000| Untracked 
|  19|0x0000000702700000, 0x0000000702700000, 0x0000000702800000|  0%| F|  |TAMS 0x0000000702700000, 0x0000000702700000| Untracked 
|  20|0x0000000702800000, 0x0000000702800000, 0x0000000702900000|  0%| F|  |TAMS 0x0000000702800000, 0x0000000702800000| Untracked 
|  21|0x0000000702900000, 0x0000000702900000, 0x0000000702a00000|  0%| F|  |TAMS 0x0000000702900000, 0x0000000702900000| Untracked 
|  22|0x0000000702a00000, 0x0000000702a00000, 0x0000000702b00000|  0%| F|  |TAMS 0x0000000702a00000, 0x0000000702a00000| Untracked 
|  23|0x0000000702b00000, 0x0000000702b00000, 0x0000000702c00000|  0%| F|  |TAMS 0x0000000702b00000, 0x0000000702b00000| Untracked 
|  24|0x0000000702c00000, 0x0000000702d00000, 0x0000000702d00000|100%| O|  |TAMS 0x0000000702d00000, 0x0000000702c00000| Untracked 
|  25|0x0000000702d00000, 0x0000000702e00000, 0x0000000702e00000|100%| O|  |TAMS 0x0000000702e00000, 0x0000000702d00000| Untracked 
|  26|0x0000000702e00000, 0x0000000702f00000, 0x0000000702f00000|100%| O|  |TAMS 0x0000000702f00000, 0x0000000702e00000| Untracked 
|  27|0x0000000702f00000, 0x0000000703000000, 0x0000000703000000|100%| O|  |TAMS 0x0000000703000000, 0x0000000702f00000| Untracked 
|  28|0x0000000703000000, 0x0000000703100000, 0x0000000703100000|100%| O|  |TAMS 0x0000000703100000, 0x0000000703000000| Untracked 
|  29|0x0000000703100000, 0x0000000703200000, 0x0000000703200000|100%| O|  |TAMS 0x0000000703200000, 0x0000000703100000| Untracked 
|  30|0x0000000703200000, 0x00000007032ae800, 0x0000000703300000| 68%| O|  |TAMS 0x00000007032ae800, 0x0000000703200000| Untracked 
|  31|0x0000000703300000, 0x0000000703300000, 0x0000000703400000|  0%| F|  |TAMS 0x0000000703300000, 0x0000000703300000| Untracked 
|  32|0x0000000703400000, 0x0000000703400000, 0x0000000703500000|  0%| F|  |TAMS 0x0000000703400000, 0x0000000703400000| Untracked 
|  33|0x0000000703500000, 0x0000000703500000, 0x0000000703600000|  0%| F|  |TAMS 0x0000000703500000, 0x0000000703500000| Untracked 
|  34|0x0000000703600000, 0x0000000703600000, 0x0000000703700000|  0%| F|  |TAMS 0x0000000703600000, 0x0000000703600000| Untracked 
|  35|0x0000000703700000, 0x0000000703700000, 0x0000000703800000|  0%| F|  |TAMS 0x0000000703700000, 0x0000000703700000| Untracked 
|  36|0x0000000703800000, 0x0000000703800000, 0x0000000703900000|  0%| F|  |TAMS 0x0000000703800000, 0x0000000703800000| Untracked 
|  37|0x0000000703900000, 0x0000000703900000, 0x0000000703a00000|  0%| F|  |TAMS 0x0000000703900000, 0x0000000703900000| Untracked 
|  38|0x0000000703a00000, 0x0000000703a00000, 0x0000000703b00000|  0%| F|  |TAMS 0x0000000703a00000, 0x0000000703a00000| Untracked 
|  39|0x0000000703b00000, 0x0000000703b00000, 0x0000000703c00000|  0%| F|  |TAMS 0x0000000703b00000, 0x0000000703b00000| Untracked 
|  40|0x0000000703c00000, 0x0000000703c00000, 0x0000000703d00000|  0%| F|  |TAMS 0x0000000703c00000, 0x0000000703c00000| Untracked 
|  41|0x0000000703d00000, 0x0000000703d00000, 0x0000000703e00000|  0%| F|  |TAMS 0x0000000703d00000, 0x0000000703d00000| Untracked 
|  42|0x0000000703e00000, 0x0000000703e00000, 0x0000000703f00000|  0%| F|  |TAMS 0x0000000703e00000, 0x0000000703e00000| Untracked 
|  43|0x0000000703f00000, 0x0000000703f00000, 0x0000000704000000|  0%| F|  |TAMS 0x0000000703f00000, 0x0000000703f00000| Untracked 
| 196|0x000000070d800000, 0x000000070d800000, 0x000000070d900000|  0%| F|  |TAMS 0x000000070d800000, 0x000000070d800000| Untracked 
| 197|0x000000070d900000, 0x000000070d900000, 0x000000070da00000|  0%| F|  |TAMS 0x000000070d900000, 0x000000070d900000| Untracked 
| 198|0x000000070da00000, 0x000000070da00000, 0x000000070db00000|  0%| F|  |TAMS 0x000000070da00000, 0x000000070da00000| Untracked 
| 199|0x000000070db00000, 0x000000070db00000, 0x000000070dc00000|  0%| F|  |TAMS 0x000000070db00000, 0x000000070db00000| Untracked 
| 200|0x000000070dc00000, 0x000000070dc00000, 0x000000070dd00000|  0%| F|  |TAMS 0x000000070dc00000, 0x000000070dc00000| Untracked 
| 201|0x000000070dd00000, 0x000000070dd00000, 0x000000070de00000|  0%| F|  |TAMS 0x000000070dd00000, 0x000000070dd00000| Untracked 
| 202|0x000000070de00000, 0x000000070de064d0, 0x000000070df00000|  2%| S|CS|TAMS 0x000000070de00000, 0x000000070de00000| Complete 
| 203|0x000000070df00000, 0x000000070df00000, 0x000000070e000000|  0%| F|  |TAMS 0x000000070df00000, 0x000000070df00000| Untracked 
| 254|0x0000000711200000, 0x0000000711200000, 0x0000000711300000|  0%| F|  |TAMS 0x0000000711200000, 0x0000000711200000| Untracked 
| 255|0x0000000711300000, 0x000000071132fcb8, 0x0000000711400000| 18%| E|  |TAMS 0x0000000711300000, 0x0000000711300000| Complete 

Card table byte_map: [0x00000142fbed0000,0x00000142fc6d0000] _byte_map_base: 0x00000142f86c6000

Marking Bits (Prev, Next): (CMBitMap*) 0x00000142f0c27748, (CMBitMap*) 0x00000142f0c27788
 Prev Bits: [0x000001428f000000, 0x0000014292fb0000)
 Next Bits: [0x0000014292fb0000, 0x0000014296f60000)

Polling page: 0x00000142f0a00000

Metaspace:

Usage:
  Non-class:     18.82 MB capacity,    18.64 MB (>99%) used,   146.97 KB ( <1%) free+waste,    37.50 KB ( <1%) overhead. 
      Class:      2.73 MB capacity,     2.59 MB ( 95%) used,   127.95 KB (  5%) free+waste,    19.19 KB ( <1%) overhead. 
       Both:     21.55 MB capacity,    21.23 MB ( 98%) used,   274.92 KB (  1%) free+waste,    56.69 KB ( <1%) overhead. 

Virtual space:
  Non-class space:       20.00 MB reserved,      19.25 MB ( 96%) committed 
      Class space:        1.00 GB reserved,       2.88 MB ( <1%) committed 
             Both:        1.02 GB reserved,      22.13 MB (  2%) committed 

Chunk freelists:
   Non-Class:  312.00 KB
       Class:  80.00 KB
        Both:  392.00 KB

MaxMetaspaceSize: 17179869184.00 GB
CompressedClassSpaceSize: 1.00 GB

CodeHeap 'non-profiled nmethods': size=120000Kb used=1700Kb max_used=1700Kb free=118299Kb
 bounds [0x0000014287ad0000, 0x0000014287d40000, 0x000001428f000000]
CodeHeap 'profiled nmethods': size=120000Kb used=8147Kb max_used=8402Kb free=111852Kb
 bounds [0x00000142805a0000, 0x0000014280df0000, 0x0000014287ad0000]
CodeHeap 'non-nmethods': size=5760Kb used=1413Kb max_used=1453Kb free=4346Kb
 bounds [0x0000014280000000, 0x0000014280270000, 0x00000142805a0000]
 total_blobs=5958 nmethods=3700 adapters=628
 compilation: enabled
              stopped_count=0, restarted_count=0
 full_count=0

Compilation events (20 events):
Event: 36.705 Thread 0x00000142977ea800 4118   !   3       sun.nio.fs.WindowsFileSystemProvider::newByteChannel (71 bytes)
Event: 36.705 Thread 0x00000142977ea800 nmethod 4118 0x0000014280868a90 code [0x0000014280868d00, 0x0000014280869730]
Event: 36.705 Thread 0x00000142977ea800 4119       3       sun.nio.fs.WindowsSecurityDescriptor::fromAttribute (137 bytes)
Event: 36.706 Thread 0x00000142977ea800 nmethod 4119 0x000001428098bd90 code [0x000001428098c0a0, 0x000001428098d180]
Event: 36.706 Thread 0x00000142977ea800 4120       3       sun.nio.fs.WindowsSecurityDescriptor::address (19 bytes)
Event: 36.706 Thread 0x00000142977ea800 nmethod 4120 0x0000014280868610 code [0x00000142808687c0, 0x00000142808689d8]
Event: 36.706 Thread 0x00000142977ea800 4121       3       sun.nio.fs.WindowsChannelFactory::newFileChannel (130 bytes)
Event: 36.706 Thread 0x00000142977ea800 nmethod 4121 0x00000142809a8c90 code [0x00000142809a8ea0, 0x00000142809a9550]
Event: 36.706 Thread 0x00000142977ea800 4123       3       sun.nio.fs.WindowsChannelFactory$Flags::<init> (20 bytes)
Event: 36.706 Thread 0x00000142977ea800 nmethod 4123 0x0000014280868190 code [0x0000014280868340, 0x0000014280868518]
Event: 36.706 Thread 0x00000142977ea800 4124   !   3       sun.nio.fs.WindowsChannelFactory::open (447 bytes)
Event: 36.707 Thread 0x00000142977ea800 nmethod 4124 0x0000014280989f10 code [0x000001428098a220, 0x000001428098b680]
Event: 36.707 Thread 0x00000142977ea800 4125   !   3       sun.nio.fs.WindowsNativeDispatcher::CreateFile (41 bytes)
Event: 36.707 Thread 0x00000142977ea800 nmethod 4125 0x0000014280cf8e90 code [0x0000014280cf9080, 0x0000014280cf9400]
Event: 36.707 Thread 0x00000142977ea800 4126       3       java.io.FileDescriptor$1::setHandle (6 bytes)
Event: 36.707 Thread 0x00000142977ea800 nmethod 4126 0x0000014280973210 code [0x00000142809733e0, 0x0000014280973770]
Event: 36.707 Thread 0x00000142977ea800 4127       3       javax.imageio.ImageIO$ImageReaderIterator::hasNext (10 bytes)
Event: 36.707 Thread 0x00000142977ea800 nmethod 4127 0x0000014280cf8890 code [0x0000014280cf8a40, 0x0000014280cf8cb0]
Event: 37.427 Thread 0x00000142977ea800 4128       3       java.lang.ClassLoader::findNative (81 bytes)
Event: 37.428 Thread 0x00000142977ea800 nmethod 4128 0x0000014280944e10 code [0x0000014280945060, 0x0000014280945920]

GC Heap History (20 events):
Event: 36.292 GC heap before
{Heap before GC invocations=325 (full 0):
 garbage-first heap   total 55296K, used 22407K [0x0000000701400000, 0x0000000800000000)
  region size 1024K, 2 young (2048K), 1 survivors (1024K)
 Metaspace       used 21717K, capacity 22068K, committed 22656K, reserved 1069056K
  class space    used 2650K, capacity 2799K, committed 2944K, reserved 1048576K
}
Event: 36.293 GC heap after
{Heap after GC invocations=326 (full 0):
 garbage-first heap   total 55296K, used 15256K [0x0000000701400000, 0x0000000800000000)
  region size 1024K, 1 young (1024K), 1 survivors (1024K)
 Metaspace       used 21717K, capacity 22068K, committed 22656K, reserved 1069056K
  class space    used 2650K, capacity 2799K, committed 2944K, reserved 1048576K
}
Event: 36.444 GC heap before
{Heap before GC invocations=327 (full 0):
 garbage-first heap   total 55296K, used 22424K [0x0000000701400000, 0x0000000800000000)
  region size 1024K, 2 young (2048K), 1 survivors (1024K)
 Metaspace       used 21717K, capacity 22068K, committed 22656K, reserved 1069056K
  class space    used 2650K, capacity 2799K, committed 2944K, reserved 1048576K
}
Event: 36.445 GC heap after
{Heap after GC invocations=328 (full 0):
 garbage-first heap   total 55296K, used 15248K [0x0000000701400000, 0x0000000800000000)
  region size 1024K, 1 young (1024K), 1 survivors (1024K)
 Metaspace       used 21717K, capacity 22068K, committed 22656K, reserved 1069056K
  class space    used 2650K, capacity 2799K, committed 2944K, reserved 1048576K
}
Event: 36.555 GC heap before
{Heap before GC invocations=329 (full 0):
 garbage-first heap   total 55296K, used 22416K [0x0000000701400000, 0x0000000800000000)
  region size 1024K, 2 young (2048K), 1 survivors (1024K)
 Metaspace       used 21717K, capacity 22068K, committed 22656K, reserved 1069056K
  class space    used 2650K, capacity 2799K, committed 2944K, reserved 1048576K
}
Event: 36.556 GC heap after
{Heap after GC invocations=330 (full 0):
 garbage-first heap   total 55296K, used 15262K [0x0000000701400000, 0x0000000800000000)
  region size 1024K, 1 young (1024K), 1 survivors (1024K)
 Metaspace       used 21717K, capacity 22068K, committed 22656K, reserved 1069056K
  class space    used 2650K, capacity 2799K, committed 2944K, reserved 1048576K
}
Event: 36.698 GC heap before
{Heap before GC invocations=331 (full 0):
 garbage-first heap   total 55296K, used 22430K [0x0000000701400000, 0x0000000800000000)
  region size 1024K, 2 young (2048K), 1 survivors (1024K)
 Metaspace       used 21720K, capacity 22069K, committed 22656K, reserved 1069056K
  class space    used 2650K, capacity 2799K, committed 2944K, reserved 1048576K
}
Event: 36.699 GC heap after
{Heap after GC invocations=332 (full 0):
 garbage-first heap   total 55296K, used 15252K [0x0000000701400000, 0x0000000800000000)
  region size 1024K, 1 young (1024K), 1 survivors (1024K)
 Metaspace       used 21720K, capacity 22069K, committed 22656K, reserved 1069056K
  class space    used 2650K, capacity 2799K, committed 2944K, reserved 1048576K
}
Event: 36.804 GC heap before
{Heap before GC invocations=333 (full 0):
 garbage-first heap   total 55296K, used 23444K [0x0000000701400000, 0x0000000800000000)
  region size 1024K, 3 young (3072K), 1 survivors (1024K)
 Metaspace       used 21725K, capacity 22069K, committed 22656K, reserved 1069056K
  class space    used 2650K, capacity 2799K, committed 2944K, reserved 1048576K
}
Event: 36.806 GC heap after
{Heap after GC invocations=334 (full 0):
 garbage-first heap   total 55296K, used 15266K [0x0000000701400000, 0x0000000800000000)
  region size 1024K, 1 young (1024K), 1 survivors (1024K)
 Metaspace       used 21725K, capacity 22069K, committed 22656K, reserved 1069056K
  class space    used 2650K, capacity 2799K, committed 2944K, reserved 1048576K
}
Event: 36.978 GC heap before
{Heap before GC invocations=335 (full 0):
 garbage-first heap   total 55296K, used 22434K [0x0000000701400000, 0x0000000800000000)
  region size 1024K, 2 young (2048K), 1 survivors (1024K)
 Metaspace       used 21725K, capacity 22069K, committed 22656K, reserved 1069056K
  class space    used 2650K, capacity 2799K, committed 2944K, reserved 1048576K
}
Event: 36.979 GC heap after
{Heap after GC invocations=336 (full 0):
 garbage-first heap   total 55296K, used 15262K [0x0000000701400000, 0x0000000800000000)
  region size 1024K, 1 young (1024K), 1 survivors (1024K)
 Metaspace       used 21725K, capacity 22069K, committed 22656K, reserved 1069056K
  class space    used 2650K, capacity 2799K, committed 2944K, reserved 1048576K
}
Event: 37.086 GC heap before
{Heap before GC invocations=337 (full 0):
 garbage-first heap   total 55296K, used 22430K [0x0000000701400000, 0x0000000800000000)
  region size 1024K, 2 young (2048K), 1 survivors (1024K)
 Metaspace       used 21725K, capacity 22069K, committed 22656K, reserved 1069056K
  class space    used 2650K, capacity 2799K, committed 2944K, reserved 1048576K
}
Event: 37.087 GC heap after
{Heap after GC invocations=338 (full 0):
 garbage-first heap   total 55296K, used 15274K [0x0000000701400000, 0x0000000800000000)
  region size 1024K, 1 young (1024K), 1 survivors (1024K)
 Metaspace       used 21725K, capacity 22069K, committed 22656K, reserved 1069056K
  class space    used 2650K, capacity 2799K, committed 2944K, reserved 1048576K
}
Event: 37.215 GC heap before
{Heap before GC invocations=339 (full 0):
 garbage-first heap   total 55296K, used 22442K [0x0000000701400000, 0x0000000800000000)
  region size 1024K, 2 young (2048K), 1 survivors (1024K)
 Metaspace       used 21725K, capacity 22069K, committed 22656K, reserved 1069056K
  class space    used 2650K, capacity 2799K, committed 2944K, reserved 1048576K
}
Event: 37.216 GC heap after
{Heap after GC invocations=340 (full 0):
 garbage-first heap   total 55296K, used 15263K [0x0000000701400000, 0x0000000800000000)
  region size 1024K, 1 young (1024K), 1 survivors (1024K)
 Metaspace       used 21725K, capacity 22069K, committed 22656K, reserved 1069056K
  class space    used 2650K, capacity 2799K, committed 2944K, reserved 1048576K
}
Event: 37.329 GC heap before
{Heap before GC invocations=341 (full 0):
 garbage-first heap   total 55296K, used 22431K [0x0000000701400000, 0x0000000800000000)
  region size 1024K, 2 young (2048K), 1 survivors (1024K)
 Metaspace       used 21725K, capacity 22069K, committed 22656K, reserved 1069056K
  class space    used 2650K, capacity 2799K, committed 2944K, reserved 1048576K
}
Event: 37.330 GC heap after
{Heap after GC invocations=342 (full 0):
 garbage-first heap   total 55296K, used 15279K [0x0000000701400000, 0x0000000800000000)
  region size 1024K, 1 young (1024K), 1 survivors (1024K)
 Metaspace       used 21725K, capacity 22069K, committed 22656K, reserved 1069056K
  class space    used 2650K, capacity 2799K, committed 2944K, reserved 1048576K
}
Event: 37.442 GC heap before
{Heap before GC invocations=343 (full 0):
 garbage-first heap   total 55296K, used 23471K [0x0000000701400000, 0x0000000800000000)
  region size 1024K, 3 young (3072K), 1 survivors (1024K)
 Metaspace       used 21739K, capacity 22072K, committed 22656K, reserved 1069056K
  class space    used 2652K, capacity 2800K, committed 2944K, reserved 1048576K
}
Event: 37.443 GC heap after
{Heap after GC invocations=344 (full 0):
 garbage-first heap   total 55296K, used 15276K [0x0000000701400000, 0x0000000800000000)
  region size 1024K, 1 young (1024K), 1 survivors (1024K)
 Metaspace       used 21739K, capacity 22072K, committed 22656K, reserved 1069056K
  class space    used 2652K, capacity 2800K, committed 2944K, reserved 1048576K
}

Deoptimization events (20 events):
Event: 30.230 Thread 0x0000014297c85800 DEOPT PACKING pc=0x0000014287c652c4 sp=0x00000020f96fbf70
Event: 30.230 Thread 0x0000014297c85800 DEOPT UNPACKING pc=0x000001428004912f sp=0x00000020f96fbee8 mode 2
Event: 33.679 Thread 0x0000014297c85800 DEOPT PACKING pc=0x0000014280ddfa41 sp=0x00000020f96fbf80
Event: 33.679 Thread 0x0000014297c85800 DEOPT UNPACKING pc=0x000001428004964e sp=0x00000020f96fb348 mode 0
Event: 34.176 Thread 0x0000014297c85800 DEOPT PACKING pc=0x0000014280ddf970 sp=0x00000020f96fbeb0
Event: 34.176 Thread 0x0000014297c85800 DEOPT UNPACKING pc=0x000001428004964e sp=0x00000020f96fb278 mode 0
Event: 34.407 Thread 0x0000014297c85800 DEOPT PACKING pc=0x00000142808aa24f sp=0x00000020f96fbf70
Event: 34.407 Thread 0x0000014297c85800 DEOPT UNPACKING pc=0x000001428004964e sp=0x00000020f96fb3e8 mode 0
Event: 34.961 Thread 0x0000014297c85800 DEOPT PACKING pc=0x0000014280ddfa41 sp=0x00000020f96fbe80
Event: 34.961 Thread 0x0000014297c85800 DEOPT UNPACKING pc=0x000001428004964e sp=0x00000020f96fb248 mode 0
Event: 35.554 Thread 0x0000014297c85800 DEOPT PACKING pc=0x0000014280ddf594 sp=0x00000020f96fbee0
Event: 35.554 Thread 0x0000014297c85800 DEOPT UNPACKING pc=0x000001428004964e sp=0x00000020f96fb2a8 mode 0
Event: 35.554 Thread 0x0000014297c85800 DEOPT PACKING pc=0x00000142808aa24f sp=0x00000020f96fbf70
Event: 35.554 Thread 0x0000014297c85800 DEOPT UNPACKING pc=0x000001428004964e sp=0x00000020f96fb3e8 mode 0
Event: 35.564 Thread 0x0000014297c85800 DEOPT PACKING pc=0x00000142808aa24f sp=0x00000020f96fbf70
Event: 35.564 Thread 0x0000014297c85800 DEOPT UNPACKING pc=0x000001428004964e sp=0x00000020f96fb3e8 mode 0
Event: 37.458 Thread 0x000001429fc85800 Uncommon trap: trap_request=0xffffff45 fr.pc=0x0000014287c49624 relative=0x0000000000002524
Event: 37.458 Thread 0x000001429fc85800 Uncommon trap: reason=unstable_if action=reinterpret pc=0x0000014287c49624 method=sun.java2d.pipe.BufferedContext.validate(Lsun/java2d/pipe/hw/AccelSurface;Lsun/java2d/pipe/hw/AccelSurface;Lsun/java2d/pipe/Region;Ljava/awt/Composite;Ljava/awt/geom/AffineT
Event: 37.458 Thread 0x000001429fc85800 DEOPT PACKING pc=0x0000014287c49624 sp=0x00000020faefe4e0
Event: 37.458 Thread 0x000001429fc85800 DEOPT UNPACKING pc=0x000001428004912f sp=0x00000020faefe498 mode 2

Classes unloaded (20 events):
Event: 13.767 Thread 0x00000142ffc6b800 Unloading class 0x0000000800cc1440 'jdk/internal/reflect/GeneratedSerializationConstructorAccessor20'
Event: 13.767 Thread 0x00000142ffc6b800 Unloading class 0x0000000800cc1040 'jdk/internal/reflect/GeneratedSerializationConstructorAccessor19'
Event: 13.768 Thread 0x00000142ffc6b800 Unloading class 0x0000000800cc0c40 'jdk/internal/reflect/GeneratedSerializationConstructorAccessor18'
Event: 13.768 Thread 0x00000142ffc6b800 Unloading class 0x0000000800cc0840 'jdk/internal/reflect/GeneratedSerializationConstructorAccessor17'
Event: 13.768 Thread 0x00000142ffc6b800 Unloading class 0x0000000800cc0440 'jdk/internal/reflect/GeneratedSerializationConstructorAccessor16'
Event: 13.768 Thread 0x00000142ffc6b800 Unloading class 0x0000000800c10c40 'jdk/internal/reflect/GeneratedSerializationConstructorAccessor15'
Event: 13.768 Thread 0x00000142ffc6b800 Unloading class 0x0000000800c10840 'jdk/internal/reflect/GeneratedSerializationConstructorAccessor14'
Event: 13.768 Thread 0x00000142ffc6b800 Unloading class 0x0000000800c11440 'jdk/internal/reflect/GeneratedSerializationConstructorAccessor13'
Event: 13.768 Thread 0x00000142ffc6b800 Unloading class 0x0000000800c11040 'jdk/internal/reflect/GeneratedSerializationConstructorAccessor12'
Event: 13.768 Thread 0x00000142ffc6b800 Unloading class 0x0000000800c11c40 'jdk/internal/reflect/GeneratedSerializationConstructorAccessor11'
Event: 13.768 Thread 0x00000142ffc6b800 Unloading class 0x0000000800c11840 'jdk/internal/reflect/GeneratedSerializationConstructorAccessor10'
Event: 13.768 Thread 0x00000142ffc6b800 Unloading class 0x0000000800c12440 'jdk/internal/reflect/GeneratedSerializationConstructorAccessor9'
Event: 13.768 Thread 0x00000142ffc6b800 Unloading class 0x0000000800c12040 'jdk/internal/reflect/GeneratedSerializationConstructorAccessor8'
Event: 13.768 Thread 0x00000142ffc6b800 Unloading class 0x0000000800c12c40 'jdk/internal/reflect/GeneratedSerializationConstructorAccessor7'
Event: 13.768 Thread 0x00000142ffc6b800 Unloading class 0x0000000800c12840 'jdk/internal/reflect/GeneratedSerializationConstructorAccessor6'
Event: 13.768 Thread 0x00000142ffc6b800 Unloading class 0x0000000800c13840 'jdk/internal/reflect/GeneratedSerializationConstructorAccessor5'
Event: 13.768 Thread 0x00000142ffc6b800 Unloading class 0x0000000800c14440 'jdk/internal/reflect/GeneratedSerializationConstructorAccessor4'
Event: 13.768 Thread 0x00000142ffc6b800 Unloading class 0x0000000800c14040 'jdk/internal/reflect/GeneratedSerializationConstructorAccessor3'
Event: 13.768 Thread 0x00000142ffc6b800 Unloading class 0x0000000800c14c40 'jdk/internal/reflect/GeneratedSerializationConstructorAccessor2'
Event: 13.768 Thread 0x00000142ffc6b800 Unloading class 0x0000000800c14840 'jdk/internal/reflect/GeneratedSerializationConstructorAccessor1'

Classes redefined (0 events):
No events

Internal exceptions (20 events):
Event: 0.252 Thread 0x00000142f0bb8800 Exception <a 'java/lang/ClassNotFoundException'{0x0000000710a63878}: Tree> (0x0000000710a63878) 
thrown [t:/workspace/open/src/hotspot/share/classfile/systemDictionary.cpp, line 232]
Event: 0.252 Thread 0x00000142f0bb8800 Exception <a 'java/lang/ClassNotFoundException'{0x0000000710a63be8}: javax/swing/JTreeCell> (0x0000000710a63be8) 
thrown [t:/workspace/open/src/hotspot/share/classfile/systemDictionary.cpp, line 232]
Event: 0.252 Thread 0x00000142f0bb8800 Exception <a 'java/lang/ClassNotFoundException'{0x0000000710a63ee8}: TreeCell> (0x0000000710a63ee8) 
thrown [t:/workspace/open/src/hotspot/share/classfile/systemDictionary.cpp, line 232]
Event: 0.253 Thread 0x00000142f0bb8800 Exception <a 'java/lang/ClassNotFoundException'{0x0000000710a646a8}: RootPane> (0x0000000710a646a8) 
thrown [t:/workspace/open/src/hotspot/share/classfile/systemDictionary.cpp, line 232]
Event: 0.254 Thread 0x00000142f0bb8800 Exception <a 'java/lang/ClassNotFoundException'{0x0000000710a674d8}: com/sun/swing/internal/plaf/metal/resources/spi/metalProvider> (0x0000000710a674d8) 
thrown [t:/workspace/open/src/hotspot/share/classfile/systemDictionary.cpp, line 232]
Event: 0.255 Thread 0x00000142f0bb8800 Exception <a 'java/lang/ClassNotFoundException'{0x0000000710a6b2d8}: com/sun/swing/internal/plaf/basic/resources/spi/basicProvider> (0x0000000710a6b2d8) 
thrown [t:/workspace/open/src/hotspot/share/classfile/systemDictionary.cpp, line 232]
Event: 0.408 Thread 0x0000014297c85800 Exception <a 'java/lang/ClassNotFoundException'{0x0000000710913df8}: com/sun/swing/internal/plaf/synth/resources/spi/synthProvider> (0x0000000710913df8) 
thrown [t:/workspace/open/src/hotspot/share/classfile/systemDictionary.cpp, line 232]
Event: 0.445 Thread 0x0000014297c85800 Exception <a 'java/lang/NoSuchMethodError'{0x0000000710979480}: 'void java.lang.invoke.DirectMethodHandle$Holder.invokeStaticInit(java.lang.Object)'> (0x0000000710979480) 
thrown [t:/workspace/open/src/hotspot/share/interpreter/linkResolver.cpp, line 767]
Event: 0.453 Thread 0x0000014297c85800 Exception <a 'java/lang/NoSuchMethodError'{0x00000007109a0660}: 'java.lang.Object java.lang.invoke.Invokers$Holder.linkToTargetMethod(java.lang.Object, int, java.lang.Object)'> (0x00000007109a0660) 
thrown [t:/workspace/open/src/hotspot/share/interpreter/linkResolver.cpp, line 767]
Event: 0.895 Thread 0x000001429f1aa800 Implicit null exception at 0x0000014287b06e07 to 0x0000014287b07326
Event: 0.895 Thread 0x000001429f1aa800 Implicit null exception at 0x0000014287b06304 to 0x0000014287b06832
Event: 10.737 Thread 0x0000014297c85800 Implicit null exception at 0x0000014287b97c65 to 0x0000014287b97fe6
Event: 10.756 Thread 0x0000014297c85800 Implicit null exception at 0x0000014287b80edc to 0x0000014287b81026
Event: 13.094 Thread 0x000001429fc85800 Exception <a 'java/lang/NoSuchMethodError'{0x000000070e0d41c8}: 'java.lang.Object java.lang.invoke.DirectMethodHandle$Holder.invokeStaticInit(java.lang.Object, int, int, int, int)'> (0x000000070e0d41c8) 
thrown [t:/workspace/open/src/hotspot/share/interpreter/linkResolver.cpp, line 767]
Event: 13.280 Thread 0x000001429fc85800 Exception <a 'java/lang/NoSuchMethodError'{0x0000000703f233a8}: 'java.lang.Object java.lang.invoke.DirectMethodHandle$Holder.invokeStaticInit(java.lang.Object, java.lang.Object, int, int, int, int)'> (0x0000000703f233a8) 
thrown [t:/workspace/open/src/hotspot/share/interpreter/linkResolver.cpp, line 767]
Event: 30.229 Thread 0x0000014297c85800 Implicit null exception at 0x0000014287c64cab to 0x0000014287c6528c
Event: 30.229 Thread 0x0000014297c85800 Implicit null exception at 0x0000014287c64cab to 0x0000014287c6528c
Event: 30.230 Thread 0x0000014297c85800 Implicit null exception at 0x0000014287c64cab to 0x0000014287c6528c
Event: 30.230 Thread 0x0000014297c85800 Implicit null exception at 0x0000014287c64cab to 0x0000014287c6528c
Event: 35.652 Thread 0x0000014297c85800 Exception <a 'org/opencv/core/CvException'{0x000000071137e1c0}: cv::Exception: ..\..\..\..\opencv\modules\highgui\src\loadsave.cpp:275: error: (-2) could not find a writer for the specified extension in function cv::imwrite_
> (0x000000071137e1c0) 
thrown [t:/workspace/open/src/hotspot/share/prims/jni.cpp, line 619]

Events (20 events):
Event: 37.428 Thread 0x000001429fc86800 Thread exited: 0x000001429fc86800
Event: 37.429 Executing VM operation: RevokeBias
Event: 37.429 Executing VM operation: RevokeBias done
Event: 37.429 Thread 0x0000014297b3a000 Thread exited: 0x0000014297b3a000
Event: 37.442 Executing VM operation: G1CollectForAllocation
Event: 37.443 Executing VM operation: G1CollectForAllocation done
Event: 37.444 Executing VM operation: RevokeBias
Event: 37.444 Executing VM operation: RevokeBias done
Event: 37.444 Thread 0x000001429f9c4000 Thread exited: 0x000001429f9c4000
Event: 37.449 Executing VM operation: G1Concurrent
Event: 37.450 Executing VM operation: G1Concurrent done
Event: 37.454 Executing VM operation: G1Concurrent
Event: 37.454 Executing VM operation: G1Concurrent done
Event: 37.458 Executing VM operation: RevokeBias
Event: 37.458 Executing VM operation: RevokeBias done
Event: 37.458 Thread 0x0000014297b83000 Thread exited: 0x0000014297b83000
Event: 37.458 Executing VM operation: RevokeBias
Event: 37.458 Executing VM operation: RevokeBias done
Event: 37.528 Thread 0x000001429fc80800 Thread exited: 0x000001429fc80800
Event: 37.529 Executing VM operation: Exit


Dynamic libraries:
0x00007ff7877c0000 - 0x00007ff7877cf000 	C:\Program Files\Java\jdk-13.0.2\bin\java.exe
0x00007ffffa3b0000 - 0x00007ffffa5a5000 	C:\Windows\SYSTEM32\ntdll.dll
0x00007ffff9940000 - 0x00007ffff99fd000 	C:\Windows\System32\KERNEL32.DLL
0x00007ffff7e00000 - 0x00007ffff80c8000 	C:\Windows\System32\KERNELBASE.dll
0x00007ffff7af0000 - 0x00007ffff7bf0000 	C:\Windows\System32\ucrtbase.dll
0x00007fffef890000 - 0x00007fffef8a5000 	C:\Program Files\Java\jdk-13.0.2\bin\VCRUNTIME140.dll
0x00007fffef700000 - 0x00007fffef718000 	C:\Program Files\Java\jdk-13.0.2\bin\jli.dll
0x00007ffff94a0000 - 0x00007ffff954c000 	C:\Windows\System32\ADVAPI32.dll
0x00007ffff9740000 - 0x00007ffff97de000 	C:\Windows\System32\msvcrt.dll
0x00007ffff9400000 - 0x00007ffff949b000 	C:\Windows\System32\sechost.dll
0x00007ffff9a90000 - 0x00007ffff9bbb000 	C:\Windows\System32\RPCRT4.dll
0x00007ffff9bc0000 - 0x00007ffff9d60000 	C:\Windows\System32\USER32.dll
0x00007fffddfa0000 - 0x00007fffde23a000 	C:\Windows\WinSxS\amd64_microsoft.windows.common-controls_6595b64144ccf1df_6.0.19041.844_none_ca00b6081b84eb1d\COMCTL32.dll
0x00007ffff8330000 - 0x00007ffff8352000 	C:\Windows\System32\win32u.dll
0x00007ffff93d0000 - 0x00007ffff93fa000 	C:\Windows\System32\GDI32.dll
0x00007ffff7bf0000 - 0x00007ffff7cfb000 	C:\Windows\System32\gdi32full.dll
0x00007fffeef60000 - 0x00007fffeef6a000 	C:\Windows\SYSTEM32\VERSION.dll
0x00007ffff80d0000 - 0x00007ffff816d000 	C:\Windows\System32\msvcp_win.dll
0x00007ffff8630000 - 0x00007ffff8660000 	C:\Windows\System32\IMM32.DLL
0x00007fffebb00000 - 0x00007fffebb9b000 	C:\Program Files\Java\jdk-13.0.2\bin\msvcp140.dll
0x00007fff607b0000 - 0x00007fff6130d000 	C:\Program Files\Java\jdk-13.0.2\bin\server\jvm.dll
0x00007ffff8410000 - 0x00007ffff8418000 	C:\Windows\System32\PSAPI.DLL
0x00007fffef330000 - 0x00007fffef339000 	C:\Windows\SYSTEM32\WSOCK32.dll
0x00007fffebc50000 - 0x00007fffebc77000 	C:\Windows\SYSTEM32\WINMM.dll
0x00007ffff97e0000 - 0x00007ffff984b000 	C:\Windows\System32\WS2_32.dll
0x00007ffff5c10000 - 0x00007ffff5c22000 	C:\Windows\SYSTEM32\kernel.appcore.dll
0x00007ffff0bb0000 - 0x00007ffff0bc0000 	C:\Program Files\Java\jdk-13.0.2\bin\verify.dll
0x00007ffff55a0000 - 0x00007ffff5784000 	C:\Windows\SYSTEM32\DBGHELP.DLL
0x00007fffed9f0000 - 0x00007fffeda1c000 	C:\Windows\SYSTEM32\dbgcore.DLL
0x00007ffff7d80000 - 0x00007ffff7e00000 	C:\Windows\System32\bcryptPrimitives.dll
0x00007fffef550000 - 0x00007fffef576000 	C:\Program Files\Java\jdk-13.0.2\bin\java.dll
0x00007fffef830000 - 0x00007fffef847000 	C:\Program Files\Java\jdk-13.0.2\bin\zip.dll
0x00007ffff0ac0000 - 0x00007ffff0aca000 	C:\Program Files\Java\jdk-13.0.2\bin\jimage.dll
0x00007ffff8c80000 - 0x00007ffff93c2000 	C:\Windows\System32\SHELL32.dll
0x00007ffff5c30000 - 0x00007ffff63c1000 	C:\Windows\SYSTEM32\windows.storage.dll
0x00007ffff9de0000 - 0x00007ffffa135000 	C:\Windows\System32\combase.dll
0x00007ffff74f0000 - 0x00007ffff751c000 	C:\Windows\SYSTEM32\Wldp.dll
0x00007ffffa140000 - 0x00007ffffa1ee000 	C:\Windows\System32\SHCORE.dll
0x00007ffff8660000 - 0x00007ffff86b5000 	C:\Windows\System32\shlwapi.dll
0x00007ffff7a30000 - 0x00007ffff7a4f000 	C:\Windows\SYSTEM32\profapi.dll
0x00007fffef2f0000 - 0x00007fffef309000 	C:\Program Files\Java\jdk-13.0.2\bin\net.dll
0x00007fffeb760000 - 0x00007fffeb86b000 	C:\Windows\SYSTEM32\WINHTTP.dll
0x00007ffff7200000 - 0x00007ffff726a000 	C:\Windows\system32\mswsock.dll
0x00007fffed990000 - 0x00007fffed9a3000 	C:\Program Files\Java\jdk-13.0.2\bin\nio.dll
0x00007fffcd680000 - 0x00007fffcd819000 	C:\Program Files\Java\jdk-13.0.2\bin\awt.dll
0x00007ffff8740000 - 0x00007ffff880d000 	C:\Windows\System32\OLEAUT32.dll
0x00007ffff5120000 - 0x00007ffff51b0000 	C:\Windows\SYSTEM32\apphelp.dll
0x00007ffff51d0000 - 0x00007ffff526e000 	C:\Windows\system32\uxtheme.dll
0x00007ffffa250000 - 0x00007ffffa365000 	C:\Windows\System32\MSCTF.dll
0x00007ffff9610000 - 0x00007ffff973a000 	C:\Windows\System32\ole32.dll
0x00007ffff5570000 - 0x00007ffff559f000 	C:\Windows\system32\DWMAPI.DLL
0x00007fffeac80000 - 0x00007fffead02000 	C:\Program Files\Java\jdk-13.0.2\bin\freetype.dll
0x00007fffeab10000 - 0x00007fffeabb6000 	C:\Program Files\Java\jdk-13.0.2\bin\fontmanager.dll
0x00007fffa3900000 - 0x00007fffa3a26000 	C:\Windows\system32\opengl32.dll
0x00007fffa38d0000 - 0x00007fffa38fc000 	C:\Windows\SYSTEM32\GLU32.dll
0x00007ffff76e0000 - 0x00007ffff76f2000 	C:\Windows\SYSTEM32\msasn1.dll
0x00007fffee3c0000 - 0x00007fffee3f1000 	C:\Windows\SYSTEM32\cryptnet.dll
0x00007ffff8170000 - 0x00007ffff82cf000 	C:\Windows\System32\CRYPT32.dll
0x00007ffff7450000 - 0x00007ffff745c000 	C:\Windows\SYSTEM32\cryptbase.dll
0x00007ffff82d0000 - 0x00007ffff8330000 	C:\Windows\System32\WINTRUST.DLL
0x00007ffff8720000 - 0x00007ffff873d000 	C:\Windows\System32\imagehlp.dll
0x00007ffff7430000 - 0x00007ffff7448000 	C:\Windows\SYSTEM32\CRYPTSP.dll
0x00007ffff6ba0000 - 0x00007ffff6bd4000 	C:\Windows\system32\rsaenh.dll
0x00007ffff7d50000 - 0x00007ffff7d77000 	C:\Windows\System32\bcrypt.dll
0x00007fffb96c0000 - 0x00007fffb9979000 	C:\Windows\system32\nvspcap64.dll
0x00007ffff6830000 - 0x00007ffff6863000 	C:\Windows\SYSTEM32\ntmarta.dll
0x00007ffff63e0000 - 0x00007ffff6403000 	C:\Windows\SYSTEM32\gpapi.dll
0x00007fffe91b0000 - 0x00007fffe91eb000 	C:\Windows\SYSTEM32\dxcore.dll
0x00007ffff7d00000 - 0x00007ffff7d4e000 	C:\Windows\System32\cfgmgr32.dll
0x00007fffef6b0000 - 0x00007fffef6dd000 	C:\Program Files\Java\jdk-13.0.2\bin\javajpeg.dll
0x00007ffff9550000 - 0x00007ffff95f9000 	C:\Windows\System32\clbcatq.dll
0x00007fffe9a90000 - 0x00007fffe9c44000 	C:\Windows\SYSTEM32\WindowsCodecs.dll
0x00007fffc3cb0000 - 0x00007fffc3cee000 	C:\Windows\system32\dataexchange.dll
0x00007ffff4620000 - 0x00007ffff4805000 	C:\Windows\system32\dcomp.dll
0x00007ffff3830000 - 0x00007ffff3a94000 	C:\Windows\system32\d3d11.dll
0x00007ffff6430000 - 0x00007ffff6523000 	C:\Windows\system32\dxgi.dll
0x00007fffeecb0000 - 0x00007fffeeeb1000 	C:\Windows\system32\twinapi.appcore.dll
0x00007fffddd50000 - 0x00007fffdde49000 	C:\Windows\SYSTEM32\textinputframework.dll
0x00007ffff4b90000 - 0x00007ffff4eee000 	C:\Windows\System32\CoreUIComponents.dll
0x00007ffff4ef0000 - 0x00007ffff4fe2000 	C:\Windows\System32\CoreMessaging.dll
0x00007ffff44c0000 - 0x00007ffff4614000 	C:\Windows\SYSTEM32\wintypes.dll
0x00007fff68e80000 - 0x00007fff69823000 	C:\opencv\build\java\x64\opencv_java249.dll
0x00007fffe5540000 - 0x00007fffe5561000 	C:\Windows\SYSTEM32\AVIFIL32.dll
0x00007fffdda20000 - 0x00007fffdda4b000 	C:\Windows\SYSTEM32\MSVFW32.dll
0x00007fffeba90000 - 0x00007fffebaa9000 	C:\Windows\SYSTEM32\AVICAP32.dll
0x00007fffaeac0000 - 0x00007fffaeade000 	C:\Windows\SYSTEM32\MSACM32.dll
0x00007fffe7d90000 - 0x00007fffe7db6000 	C:\Windows\SYSTEM32\winmmbase.dll
0x00007fffcc300000 - 0x00007fffcc3b0000 	C:\Windows\WinSxS\amd64_microsoft.windows.common-controls_6595b64144ccf1df_5.82.19041.844_none_423537bff6b9828c\comctl32.dll
0x00007ffff33e0000 - 0x00007ffff34d7000 	C:\Windows\SYSTEM32\PROPSYS.dll
0x00007ffff0b20000 - 0x00007ffff0b37000 	C:\Windows\system32\NetworkExplorer.dll
0x00007fffe5040000 - 0x00007fffe505d000 	C:\Windows\SYSTEM32\MPR.dll
0x00007fffea9b0000 - 0x00007fffea9bb000 	C:\Windows\System32\drprov.dll
0x00007ffff72c0000 - 0x00007ffff731a000 	C:\Windows\System32\WINSTA.dll
0x00007fffa4a90000 - 0x00007fffa4aa8000 	C:\Windows\System32\ntlanman.dll
0x00007fffa4a70000 - 0x00007fffa4a8e000 	C:\Windows\System32\davclnt.dll
0x00007fffe6190000 - 0x00007fffe619d000 	C:\Windows\System32\DAVHLPR.dll
0x00007ffff6cc0000 - 0x00007ffff6cd7000 	C:\Windows\System32\wkscli.dll
0x00007fffc6690000 - 0x00007fffc66a2000 	C:\Windows\SYSTEM32\cscapi.dll
0x00007ffff7000000 - 0x00007ffff700c000 	C:\Windows\System32\netutils.dll
0x00007fffe5660000 - 0x00007fffe56b8000 	C:\Windows\System32\dlnashext.dll
0x00007fffdda50000 - 0x00007fffddab4000 	C:\Windows\System32\PlayToDevice.dll
0x00007ffff28b0000 - 0x00007ffff28d0000 	C:\Windows\System32\DevDispItemProvider.dll
0x00007ffff0c10000 - 0x00007ffff0c95000 	C:\Windows\System32\MMDevApi.dll
0x00007ffff78a0000 - 0x00007ffff78cc000 	C:\Windows\System32\DEVOBJ.dll
0x00007fffcafe0000 - 0x00007fffcb18b000 	C:\Windows\WinSxS\amd64_microsoft.windows.gdiplus_6595b64144ccf1df_1.1.19041.928_none_faefac437613c6cc\gdiplus.dll
0x00007ffff1800000 - 0x00007ffff18a3000 	C:\Windows\System32\PortableDeviceApi.dll
0x00007ffff8810000 - 0x00007ffff8c79000 	C:\Windows\System32\SETUPAPI.dll
0x00007fffef1f0000 - 0x00007fffef222000 	C:\Windows\System32\PortableDeviceTypes.dll
0x00007fffef7e0000 - 0x00007fffef806000 	C:\Windows\System32\EhStorAPI.dll
0x00007ffff14f0000 - 0x00007ffff1504000 	C:\Windows\System32\WTSAPI32.dll
0x00007fffcdd00000 - 0x00007fffcdd0d000 	C:\Windows\SYSTEM32\LINKINFO.dll
0x00007fffe9790000 - 0x00007fffe997e000 	C:\Windows\SYSTEM32\urlmon.dll
0x00007fffe9490000 - 0x00007fffe9740000 	C:\Windows\SYSTEM32\iertutil.dll
0x00007fffe0910000 - 0x00007fffe092d000 	C:\Windows\System32\devenum.dll
0x00007ffff0b60000 - 0x00007ffff0b6b000 	C:\Windows\SYSTEM32\msdmo.dll
0x00007fffc6750000 - 0x00007fffc6786000 	C:\Windows\System32\qcap.dll
0x00007fff82960000 - 0x00007fff82b30000 	C:\Windows\System32\quartz.dll
0x00007fffdd340000 - 0x00007fffdd38d000 	C:\Windows\System32\mfksproxy.dll
0x00007fffe6460000 - 0x00007fffe647d000 	C:\Windows\System32\ATL.DLL
0x00007ffff1530000 - 0x00007ffff16ec000 	C:\Windows\System32\MFPlat.DLL
0x00007ffff1450000 - 0x00007ffff1480000 	C:\Windows\System32\RTWorkQ.DLL
0x00007fff737c0000 - 0x00007fff73c4e000 	C:\Windows\System32\MFCORE.dll
0x00007ffff7690000 - 0x00007ffff76db000 	C:\Windows\SYSTEM32\powrprof.dll
0x00007fffcd5a0000 - 0x00007fffcd5a9000 	C:\Windows\System32\ksuser.dll
0x00007ffff7670000 - 0x00007ffff7682000 	C:\Windows\SYSTEM32\UMPDC.dll
0x00007fffce880000 - 0x00007fffce8ec000 	C:\Windows\System32\FrameServerClient.dll
0x00007fffce670000 - 0x00007fffce6d7000 	C:\Windows\System32\MFSENSORGROUP.dll
0x00007ffff1440000 - 0x00007ffff144a000 	C:\Windows\System32\AVRT.dll

dbghelp: loaded successfully - version: 4.0.5 - missing functions: none
symbol engine: initialized successfully - sym options: 0x614 - pdb path: .;C:\Program Files\Java\jdk-13.0.2\bin;C:\Windows\SYSTEM32;C:\Windows\WinSxS\amd64_microsoft.windows.common-controls_6595b64144ccf1df_6.0.19041.844_none_ca00b6081b84eb1d;C:\Program Files\Java\jdk-13.0.2\bin\server;C:\Windows\System32\DriverStore\FileRepository\nvlti.inf_amd64_faee606ef506c344;C:\opencv\build\java\x64;C:\Windows\WinSxS\amd64_microsoft.windows.common-controls_6595b64144ccf1df_5.82.19041.844_none_423537bff6b9828c;C:\Windows\WinSxS\amd64_microsoft.windows.gdiplus_6595b64144ccf1df_1.1.19041.928_none_faefac437613c6cc

VM Arguments:
jvm_args: -Dfile.encoding=UTF-8 -Djava.library.path=C:\opencv\build\java\x64 
java_command: userinterface.MainJFrame
java_class_path (initial): C:\Users\css19\Desktop\New folder (3)\aed_project\db4o-8.0.184.15484-all-java5.jar;C:\Users\css19\Desktop\New folder (3)\aed_project\AbsoluteLayout.jar;C:\Users\css19\Desktop\New folder\jcalendar-1.4.jar\jcalendar-1.4.jar;C:\Users\css19\Desktop\opencv\build\java\opencv-249.jar;C:\opencv\build\java\x64;C:\Users\css19\Desktop\New folder (3)\aed_project\build\classes
Launcher Type: SUN_STANDARD

[Global flags]
     intx CICompilerCount                          = 4                                         {product} {ergonomic}
     uint ConcGCThreads                            = 3                                         {product} {ergonomic}
     uint G1ConcRefinementThreads                  = 10                                        {product} {ergonomic}
   size_t G1HeapRegionSize                         = 1048576                                   {product} {ergonomic}
    uintx GCDrainStackTargetSize                   = 64                                        {product} {ergonomic}
   size_t InitialHeapSize                          = 268435456                                 {product} {ergonomic}
   size_t MarkStackSize                            = 4194304                                   {product} {ergonomic}
   size_t MaxHeapSize                              = 4273995776                                {product} {ergonomic}
   size_t MaxNewSize                               = 2563768320                                {product} {ergonomic}
   size_t MinHeapDeltaBytes                        = 1048576                                   {product} {ergonomic}
   size_t MinHeapSize                              = 8388608                                   {product} {ergonomic}
    uintx NonNMethodCodeHeapSize                   = 5839372                                {pd product} {ergonomic}
    uintx NonProfiledCodeHeapSize                  = 122909434                              {pd product} {ergonomic}
    uintx ProfiledCodeHeapSize                     = 122909434                              {pd product} {ergonomic}
    uintx ReservedCodeCacheSize                    = 251658240                              {pd product} {ergonomic}
     bool SegmentedCodeCache                       = true                                      {product} {ergonomic}
   size_t SoftMaxHeapSize                          = 4273995776                             {manageable} {ergonomic}
     bool UseCompressedClassPointers               = true                                 {lp64_product} {ergonomic}
     bool UseCompressedOops                        = true                                 {lp64_product} {ergonomic}
     bool UseG1GC                                  = true                                      {product} {ergonomic}
     bool UseLargePagesIndividualAllocation        = false                                  {pd product} {ergonomic}

Logging:
Log output configuration:
 #0: stdout all=off uptime,level,tags
 #1: stderr all=off uptime,level,tags

Environment Variables:
JAVA_HOME=C:\Program Files\Java\jdk-13.0.2
PATH=C:\Windows\system32;C:\Windows;C:\Windows\System32\Wbem;C:\Windows\System32\WindowsPowerShell\v1.0\;C:\Windows\System32\OpenSSH\;C:\Program Files (x86)\NVIDIA Corporation\PhysX\Common;C:\Program Files\NVIDIA Corporation\NVIDIA NvDLISR;C:\Program Files\Java\jdk-13.0.2\bin;C:\Program Files\Git\cmd;C:\Program Files\nodejs\;C:\Users\css19\AppData\Local\Microsoft\WindowsApps;C:\Users\css19\AppData\Local\GitHubDesktop\bin;C:\Users\css19\AppData\Roaming\npm
USERNAME=css19
OS=Windows_NT
PROCESSOR_IDENTIFIER=Intel64 Family 6 Model 158 Stepping 10, GenuineIntel



---------------  S Y S T E M  ---------------

OS: Windows 10 , 64 bit Build 19041 (10.0.19041.928)

CPU:total 12 (initial active 12) (6 cores per cpu, 2 threads per core) family 6 model 158 stepping 10, cmov, cx8, fxsr, mmx, sse, sse2, sse3, ssse3, sse4.1, sse4.2, popcnt, avx, avx2, aes, clmul, erms, 3dnowpref, lzcnt, ht, tsc, tscinvbit, bmi1, bmi2, adx, fma

Memory: 4k page, system-wide physical 16303M (4319M free)
TotalPageFile size 28079M (AvailPageFile size 8080M)
current process WorkingSet (physical memory assigned to process): 165M, peak: 210M
current process commit charge ("private bytes"): 243M, peak: 473M

vm_info: Java HotSpot(TM) 64-Bit Server VM (13.0.2+8) for windows-amd64 JRE (13.0.2+8), built on Dec 11 2019 09:20:33 by "mach5one" with unknown MS VC++:1916

END.
